Arguments: 
  C:\Program Files\nodejs\node.exe C:\Users\gupta\AppData\Local\node\corepack\yarn\1.22.19\bin\yarn.js add dotnev

PATH: 
  C:\Program Files\Eclipse Adoptium\jdk-17.0.6.10-hotspot\bin;C:\Program Files (x86)\Common Files\Oracle\Java\javapath;C:\ProgramData\Oracle\Java\javapath;C:\Windows\system32;C:\Windows;C:\Windows\System32\Wbem;C:\Windows\System32\WindowsPowerShell\v1.0\;C:\Windows\System32\OpenSSH\;C:\Program Files (x86)\NVIDIA Corporation\PhysX\Common;C:\Program Files\NVIDIA Corporation\NVIDIA NvDLISR;C:\WINDOWS\system32;C:\WINDOWS;C:\WINDOWS\System32\Wbem;C:\WINDOWS\System32\WindowsPowerShell\v1.0\;C:\WINDOWS\System32\OpenSSH\;D:\Git\cmd;C:\Program Files\MongoDB\Server\6.0\bin;C:\ProgramData\chocolatey\bin;C:\tools\dart-sdk\bin;C:\Users\gupta\AppData\Local\Pub\Cache\bin;C:\Users\gupta\AppData\Roaming\npm;C:\Users\gupta\flutter;C:\Users\gupta\AppData\Roaming\nvm;C:\Program Files\nodejs;C:\Program Files\nodejs\;C:\Users\gupta\.local\share\solana\install\active_release\bin;C:\Program Files\Eclipse Adoptium\jdk-17.0.6.10-hotspot\bin;C:\Program Files (x86)\Common Files\Oracle\Java\javapath;C:\ProgramData\Oracle\Java\javapath;C:\Windows\system32;C:\Windows;C:\Windows\System32\Wbem;C:\Windows\System32\WindowsPowerShell\v1.0\;C:\Windows\System32\OpenSSH\;C:\Program Files (x86)\NVIDIA Corporation\PhysX\Common;C:\Program Files\NVIDIA Corporation\NVIDIA NvDLISR;C:\WINDOWS\system32;C:\WINDOWS;C:\WINDOWS\System32\Wbem;C:\WINDOWS\System32\WindowsPowerShell\v1.0\;C:\WINDOWS\System32\OpenSSH\;D:\Git\cmd;C:\Program Files\MongoDB\Server\6.0\bin;C:\ProgramData\chocolatey\bin;C:\tools\dart-sdk\bin;C:\Users\gupta\AppData\Local\Pub\Cache\bin;C:\Users\gupta\AppData\Roaming\npm;C:\Users\gupta\flutter;C:\Users\gupta\AppData\Roaming\nvm;C:\Program Files\nodejs;C:\Program Files\nodejs\;C:\Users\gupta\.pub-cache\bin;C:\Users\gupta\AppData\Local\Programs\Microsoft VS Code\bin;C:\tools\dart-sdk\bin;C:\Users\gupta\AppData\Roaming\Pub\Cache\bin;C:\Users\gupta\AppData\Roaming\nvm;C:\Program Files\nodejs;C:\Users\gupta\AppData\Roaming\npm

Yarn version: 
  1.22.19

Node version: 
  18.16.0

Platform: 
  win32 x64

Trace: 
  Error: https://registry.yarnpkg.com/dotnev: Not found
      at params.callback [as _callback] (C:\Users\gupta\AppData\Local\node\corepack\yarn\1.22.19\lib\cli.js:66145:18)
      at self.callback (C:\Users\gupta\AppData\Local\node\corepack\yarn\1.22.19\lib\cli.js:140890:22)
      at Request.emit (node:events:513:28)
      at Request.<anonymous> (C:\Users\gupta\AppData\Local\node\corepack\yarn\1.22.19\lib\cli.js:141862:10)
      at Request.emit (node:events:513:28)
      at IncomingMessage.<anonymous> (C:\Users\gupta\AppData\Local\node\corepack\yarn\1.22.19\lib\cli.js:141784:12)
      at Object.onceWrapper (node:events:627:28)
      at IncomingMessage.emit (node:events:525:35)
      at endReadableNT (node:internal/streams/readable:1359:12)
      at process.processTicksAndRejections (node:internal/process/task_queues:82:21)

npm manifest: 
  {
    "name": "epic-game",
    "version": "1.0.0",
    "description": "",
    "main": "index.js",
    "scripts": {
      "test": "echo \"Error: no test specified\" && exit 1"
    },
    "keywords": [],
    "author": "",
    "license": "ISC",
    "devDependencies": {
      "@nomicfoundation/hardhat-chai-matchers": "^2.0.1",
      "@nomicfoundation/hardhat-toolbox": "^2.0.2",
      "@nomiclabs/hardhat-ethers": "^2.2.3",
      "chai": "^4.3.7",
      "ethers": "^5.7.2",
      "hardhat": "^2.16.0"
    },
    "dependencies": {
      "@openzeppelin/contracts": "^4.9.2"
    }
  }

yarn manifest: 
  No manifest

Lockfile: 
  No lockfile
